Release 14.7 - xst P.20131013 (nt64)
Copyright (c) 1995-2013 Xilinx, Inc.  All rights reserved.
--> Parameter TMPDIR set to xst/projnav.tmp


Total REAL time to Xst completion: 0.00 secs
Total CPU time to Xst completion: 0.16 secs
 
--> Parameter xsthdpdir set to xst


Total REAL time to Xst completion: 0.00 secs
Total CPU time to Xst completion: 0.16 secs
 
--> Reading design: alu.prj

TABLE OF CONTENTS
  1) Synthesis Options Summary
  2) HDL Parsing
  3) HDL Elaboration
  4) HDL Synthesis
       4.1) HDL Synthesis Report
  5) Advanced HDL Synthesis
       5.1) Advanced HDL Synthesis Report
  6) Low Level Synthesis
  7) Partition Report
  8) Design Summary
       8.1) Primitive and Black Box Usage
       8.2) Device utilization summary
       8.3) Partition Resource Summary
       8.4) Timing Report
            8.4.1) Clock Information
            8.4.2) Asynchronous Control Signals Information
            8.4.3) Timing Summary
            8.4.4) Timing Details
            8.4.5) Cross Clock Domains Report


=========================================================================
*                      Synthesis Options Summary                        *
=========================================================================
---- Source Parameters
Input File Name                    : "alu.prj"
Ignore Synthesis Constraint File   : NO

---- Target Parameters
Output File Name                   : "alu"
Output Format                      : NGC
Target Device                      : xc6slx45-2-fgg676

---- Source Options
Top Module Name                    : alu
Automatic FSM Extraction           : YES
FSM Encoding Algorithm             : Auto
Safe Implementation                : No
FSM Style                          : LUT
RAM Extraction                     : Yes
RAM Style                          : Auto
ROM Extraction                     : Yes
Shift Register Extraction          : YES
ROM Style                          : Auto
Resource Sharing                   : YES
Asynchronous To Synchronous        : NO
Shift Register Minimum Size        : 2
Use DSP Block                      : Auto
Automatic Register Balancing       : No

---- Target Options
LUT Combining                      : Auto
Reduce Control Sets                : Auto
Add IO Buffers                     : YES
Global Maximum Fanout              : 100000
Add Generic Clock Buffer(BUFG)     : 16
Register Duplication               : YES
Optimize Instantiated Primitives   : NO
Use Clock Enable                   : Auto
Use Synchronous Set                : Auto
Use Synchronous Reset              : Auto
Pack IO Registers into IOBs        : Auto
Equivalent register Removal        : YES

---- General Options
Optimization Goal                  : Speed
Optimization Effort                : 1
Power Reduction                    : NO
Keep Hierarchy                     : No
Netlist Hierarchy                  : As_Optimized
RTL Output                         : Yes
Global Optimization                : AllClockNets
Read Cores                         : YES
Write Timing Constraints           : NO
Cross Clock Analysis               : NO
Hierarchy Separator                : /
Bus Delimiter                      : <>
Case Specifier                     : Maintain
Slice Utilization Ratio            : 100
BRAM Utilization Ratio             : 100
DSP48 Utilization Ratio            : 100
Auto BRAM Packing                  : NO
Slice Utilization Ratio Delta      : 5

=========================================================================


=========================================================================
*                          HDL Parsing                                  *
=========================================================================
Parsing VHDL file "D:\FTN\III semestar\Procesor\FinalniProjekat_v1.0.0\alu.vhd" into library work
Parsing entity <alu>.
Parsing architecture <Behavioral> of entity <alu>.

=========================================================================
*                            HDL Elaboration                            *
=========================================================================

Elaborating entity <alu> (architecture <Behavioral>) from library <work>.

=========================================================================
*                           HDL Synthesis                               *
=========================================================================

Synthesizing Unit <alu>.
    Related source file is "D:\FTN\III semestar\Procesor\FinalniProjekat_v1.0.0\alu.vhd".
    Found 17-bit adder for signal <sA[16]_sB[16]_add_2_OUT> created at line 58.
    Found 17-bit adder for signal <sA[16]_GND_5_o_add_7_OUT> created at line 73.
    Found 17-bit subtractor for signal <GND_5_o_GND_5_o_sub_9_OUT<16:0>> created at line 76.
    Found 17-bit subtractor for signal <GND_5_o_GND_5_o_sub_10_OUT<16:0>> created at line 91.
    Found 17-bit 13-to-1 multiplexer for signal <sC> created at line 53.
    Summary:
	inferred   4 Adder/Subtractor(s).
	inferred   1 Multiplexer(s).
Unit <alu> synthesized.

=========================================================================
HDL Synthesis Report

Macro Statistics
# Adders/Subtractors                                   : 4
 17-bit adder                                          : 2
 17-bit subtractor                                     : 2
# Multiplexers                                         : 1
 17-bit 13-to-1 multiplexer                            : 1

=========================================================================

=========================================================================
*                       Advanced HDL Synthesis                          *
=========================================================================


=========================================================================
Advanced HDL Synthesis Report

Macro Statistics
# Adders/Subtractors                                   : 4
 17-bit adder                                          : 2
 17-bit subtractor                                     : 2
# Multiplexers                                         : 1
 17-bit 13-to-1 multiplexer                            : 1

=========================================================================

=========================================================================
*                         Low Level Synthesis                           *
=========================================================================

Optimizing unit <alu> ...

Mapping all equations...
Building and optimizing final netlist ...
Found area constraint ratio of 100 (+ 5) on block alu, actual ratio is 0.

Final Macro Processing ...

=========================================================================
Final Register Report

Found no macro
=========================================================================

=========================================================================
*                           Partition Report                            *
=========================================================================

Partition Implementation Status
-------------------------------

  No Partitions were found in this design.

-------------------------------

=========================================================================
*                            Design Summary                             *
=========================================================================

Top Level Output File Name         : alu.ngc

Primitive and Black Box Usage:
------------------------------
# BELS                             : 281
#      GND                         : 1
#      INV                         : 16
#      LUT1                        : 16
#      LUT2                        : 32
#      LUT3                        : 13
#      LUT4                        : 2
#      LUT5                        : 15
#      LUT6                        : 40
#      MUXCY                       : 64
#      MUXF7                       : 15
#      VCC                         : 1
#      XORCY                       : 66
# IO Buffers                       : 55
#      IBUF                        : 36
#      OBUF                        : 19

Device utilization summary:
---------------------------

Selected Device : 6slx45fgg676-2 


Slice Logic Utilization: 
 Number of Slice LUTs:                  134  out of  27288     0%  
    Number used as Logic:               134  out of  27288     0%  

Slice Logic Distribution: 
 Number of LUT Flip Flop pairs used:    134
   Number with an unused Flip Flop:     134  out of    134   100%  
   Number with an unused LUT:             0  out of    134     0%  
   Number of fully used LUT-FF pairs:     0  out of    134     0%  
   Number of unique control sets:         0

IO Utilization: 
 Number of IOs:                          55
 Number of bonded IOBs:                  55  out of    358    15%  

Specific Feature Utilization:

---------------------------
Partition Resource Summary:
---------------------------

  No Partitions were found in this design.

---------------------------


=========================================================================
Timing Report

NOTE: THESE TIMING NUMBERS ARE ONLY A SYNTHESIS ESTIMATE.
      FOR ACCURATE TIMING INFORMATION PLEASE REFER TO THE TRACE REPORT
      GENERATED AFTER PLACE-and-ROUTE.

Clock Information:
------------------
No clock signals found in this design

Asynchronous Control Signals Information:
----------------------------------------
No asynchronous control signals found in this design

Timing Summary:
---------------
Speed Grade: -2

   Minimum period: No path found
   Minimum input arrival time before clock: No path found
   Maximum output required time after clock: No path found
   Maximum combinational path delay: 11.440ns

Timing Details:
---------------
All values displayed in nanoseconds (ns)

=========================================================================
Timing constraint: Default path analysis
  Total number of paths / destination ports: 3905 / 19
-------------------------------------------------------------------------
Delay:               11.440ns (Levels of Logic = 10)
  Source:            iA<0> (PAD)
  Destination:       oZERO (PAD)

  Data Path: iA<0> to oZERO
                                Gate     Net
    Cell:in->out      fanout   Delay   Delay  Logical Name (Net Name)
    ----------------------------------------  ------------
     IBUF:I->O             7   1.328   1.018  iA_0_IBUF (iA_0_IBUF)
     LUT2:I0->O            1   0.250   0.000  Msub_GND_5_o_GND_5_o_sub_10_OUT<16:0>_lut<0> (Msub_GND_5_o_GND_5_o_sub_10_OUT<16:0>_lut<0>)
     MUXCY:S->O            1   0.215   0.000  Msub_GND_5_o_GND_5_o_sub_10_OUT<16:0>_cy<0> (Msub_GND_5_o_GND_5_o_sub_10_OUT<16:0>_cy<0>)
     XORCY:CI->O           2   0.206   0.834  Msub_GND_5_o_GND_5_o_sub_10_OUT<16:0>_xor<1> (GND_5_o_GND_5_o_sub_10_OUT<1>)
     LUT6:I4->O            1   0.250   0.000  Mmux_sC_75 (Mmux_sC_75)
     MUXF7:I0->O           1   0.163   0.682  Mmux_sC_5_f7_4 (Mmux_sC_5_f75)
     LUT5:I4->O            2   0.254   1.181  iSEL<3>5 (oC_1_OBUF)
     LUT6:I0->O            1   0.254   0.958  oZERO2 (oZERO2)
     LUT6:I2->O            1   0.254   0.681  oZERO4 (oZERO_OBUF)
     OBUF:I->O                 2.912          oZERO_OBUF (oZERO)
    ----------------------------------------
    Total                     11.440ns (6.086ns logic, 5.354ns route)
                                       (53.2% logic, 46.8% route)

=========================================================================

Cross Clock Domains Report:
--------------------------

=========================================================================


Total REAL time to Xst completion: 5.00 secs
Total CPU time to Xst completion: 5.25 secs
 
--> 

Total memory usage is 223096 kilobytes

Number of errors   :    0 (   0 filtered)
Number of warnings :    0 (   0 filtered)
Number of infos    :    0 (   0 filtered)

